{"C:\\Users\\Usuario\\Desktop\\pruebas\\EventsBrew\\src\\jwt\\verifyToken.js": {"path":"C:\\Users\\Usuario\\Desktop\\pruebas\\EventsBrew\\src\\jwt\\verifyToken.js","statementMap":{"0":{"start":{"line":2,"column":20},"end":{"line":11,"column":1}},"1":{"start":{"line":3,"column":25},"end":{"line":3,"column":53}},"2":{"start":{"line":4,"column":4},"end":{"line":10,"column":5}},"3":{"start":{"line":5,"column":28},"end":{"line":5,"column":54}},"4":{"start":{"line":6,"column":8},"end":{"line":6,"column":32}},"5":{"start":{"line":7,"column":8},"end":{"line":7,"column":15}},"6":{"start":{"line":9,"column":8},"end":{"line":9,"column":28}},"7":{"start":{"line":13,"column":0},"end":{"line":13,"column":29}}},"fnMap":{"0":{"name":"(anonymous_0)","decl":{"start":{"line":2,"column":20},"end":{"line":2,"column":21}},"loc":{"start":{"line":2,"column":40},"end":{"line":11,"column":1}},"line":2}},"branchMap":{"0":{"loc":{"start":{"line":4,"column":4},"end":{"line":10,"column":5}},"type":"if","locations":[{"start":{"line":4,"column":4},"end":{"line":10,"column":5}},{"start":{"line":8,"column":9},"end":{"line":10,"column":5}}],"line":4}},"s":{"0":1,"1":0,"2":0,"3":0,"4":0,"5":0,"6":0,"7":1},"f":{"0":0},"b":{"0":[0,0]},"_coverageSchema":"1a1c01bbd47fc00a2c39e90264f33305004495a9","hash":"259c9eb93a34d8455a58715a28755cd4d8d96fa3"}
,"C:\\Users\\Usuario\\Desktop\\pruebas\\EventsBrew\\src\\models\\user.schema.js": {"path":"C:\\Users\\Usuario\\Desktop\\pruebas\\EventsBrew\\src\\models\\user.schema.js","statementMap":{"0":{"start":{"line":1,"column":17},"end":{"line":1,"column":36}},"1":{"start":{"line":4,"column":19},"end":{"line":26,"column":2}},"2":{"start":{"line":29,"column":0},"end":{"line":29,"column":52}}},"fnMap":{},"branchMap":{},"s":{"0":1,"1":1,"2":1},"f":{},"b":{},"_coverageSchema":"1a1c01bbd47fc00a2c39e90264f33305004495a9","hash":"f2b468eed07480c80573bb2eb1d2dd99ce4da719"}
,"C:\\Users\\Usuario\\Desktop\\pruebas\\EventsBrew\\src\\routes\\user.routes.js": {"path":"C:\\Users\\Usuario\\Desktop\\pruebas\\EventsBrew\\src\\routes\\user.routes.js","statementMap":{"0":{"start":{"line":1,"column":16},"end":{"line":1,"column":34}},"1":{"start":{"line":2,"column":19},"end":{"line":2,"column":40}},"2":{"start":{"line":3,"column":12},"end":{"line":3,"column":35}},"3":{"start":{"line":4,"column":15},"end":{"line":4,"column":32}},"4":{"start":{"line":5,"column":24},"end":{"line":5,"column":61}},"5":{"start":{"line":6,"column":46},"end":{"line":6,"column":79}},"6":{"start":{"line":7,"column":13},"end":{"line":7,"column":45}},"7":{"start":{"line":8,"column":20},"end":{"line":8,"column":49}},"8":{"start":{"line":9,"column":14},"end":{"line":9,"column":30}},"9":{"start":{"line":12,"column":14},"end":{"line":12,"column":30}},"10":{"start":{"line":14,"column":20},"end":{"line":24,"column":1}},"11":{"start":{"line":15,"column":4},"end":{"line":23,"column":6}},"12":{"start":{"line":16,"column":8},"end":{"line":22,"column":10}},"13":{"start":{"line":20,"column":12},"end":{"line":20,"column":31}},"14":{"start":{"line":20,"column":20},"end":{"line":20,"column":31}},"15":{"start":{"line":21,"column":12},"end":{"line":21,"column":26}},"16":{"start":{"line":27,"column":20},"end":{"line":34,"column":2}},"17":{"start":{"line":37,"column":0},"end":{"line":39,"column":2}},"18":{"start":{"line":38,"column":4},"end":{"line":38,"column":37}},"19":{"start":{"line":42,"column":0},"end":{"line":72,"column":3}},"20":{"start":{"line":43,"column":53},"end":{"line":43,"column":61}},"21":{"start":{"line":44,"column":25},"end":{"line":44,"column":56}},"22":{"start":{"line":46,"column":20},"end":{"line":52,"column":6}},"23":{"start":{"line":54,"column":21},"end":{"line":54,"column":41}},"24":{"start":{"line":56,"column":4},"end":{"line":61,"column":82}},"25":{"start":{"line":61,"column":23},"end":{"line":61,"column":40}},"26":{"start":{"line":61,"column":61},"end":{"line":61,"column":78}},"27":{"start":{"line":63,"column":18},"end":{"line":63,"column":55}},"28":{"start":{"line":64,"column":4},"end":{"line":64,"column":31}},"29":{"start":{"line":65,"column":4},"end":{"line":71,"column":6}},"30":{"start":{"line":66,"column":8},"end":{"line":70,"column":9}},"31":{"start":{"line":67,"column":12},"end":{"line":67,"column":32}},"32":{"start":{"line":69,"column":12},"end":{"line":69,"column":39}},"33":{"start":{"line":75,"column":0},"end":{"line":94,"column":3}},"34":{"start":{"line":76,"column":32},"end":{"line":76,"column":40}},"35":{"start":{"line":78,"column":22},"end":{"line":78,"column":51}},"36":{"start":{"line":79,"column":4},"end":{"line":79,"column":78}},"37":{"start":{"line":79,"column":19},"end":{"line":79,"column":78}},"38":{"start":{"line":81,"column":28},"end":{"line":81,"column":78}},"39":{"start":{"line":82,"column":4},"end":{"line":82,"column":97}},"40":{"start":{"line":82,"column":25},"end":{"line":82,"column":97}},"41":{"start":{"line":84,"column":18},"end":{"line":84,"column":56}},"42":{"start":{"line":85,"column":4},"end":{"line":85,"column":31}},"43":{"start":{"line":87,"column":4},"end":{"line":93,"column":6}},"44":{"start":{"line":88,"column":8},"end":{"line":92,"column":9}},"45":{"start":{"line":89,"column":12},"end":{"line":89,"column":32}},"46":{"start":{"line":91,"column":12},"end":{"line":91,"column":45}},"47":{"start":{"line":97,"column":0},"end":{"line":97,"column":23}}},"fnMap":{"0":{"name":"(anonymous_0)","decl":{"start":{"line":14,"column":20},"end":{"line":14,"column":21}},"loc":{"start":{"line":14,"column":33},"end":{"line":24,"column":1}},"line":14},"1":{"name":"(anonymous_1)","decl":{"start":{"line":15,"column":23},"end":{"line":15,"column":24}},"loc":{"start":{"line":15,"column":44},"end":{"line":23,"column":5}},"line":15},"2":{"name":"(anonymous_2)","decl":{"start":{"line":19,"column":8},"end":{"line":19,"column":9}},"loc":{"start":{"line":19,"column":24},"end":{"line":22,"column":9}},"line":19},"3":{"name":"(anonymous_3)","decl":{"start":{"line":37,"column":15},"end":{"line":37,"column":16}},"loc":{"start":{"line":37,"column":28},"end":{"line":39,"column":1}},"line":37},"4":{"name":"(anonymous_4)","decl":{"start":{"line":42,"column":60},"end":{"line":42,"column":61}},"loc":{"start":{"line":42,"column":80},"end":{"line":72,"column":1}},"line":42},"5":{"name":"(anonymous_5)","decl":{"start":{"line":61,"column":12},"end":{"line":61,"column":13}},"loc":{"start":{"line":61,"column":21},"end":{"line":61,"column":42}},"line":61},"6":{"name":"(anonymous_6)","decl":{"start":{"line":61,"column":50},"end":{"line":61,"column":51}},"loc":{"start":{"line":61,"column":59},"end":{"line":61,"column":80}},"line":61},"7":{"name":"(anonymous_7)","decl":{"start":{"line":65,"column":40},"end":{"line":65,"column":41}},"loc":{"start":{"line":65,"column":56},"end":{"line":71,"column":5}},"line":65},"8":{"name":"(anonymous_8)","decl":{"start":{"line":75,"column":67},"end":{"line":75,"column":68}},"loc":{"start":{"line":75,"column":87},"end":{"line":94,"column":1}},"line":75},"9":{"name":"(anonymous_9)","decl":{"start":{"line":87,"column":33},"end":{"line":87,"column":34}},"loc":{"start":{"line":87,"column":54},"end":{"line":93,"column":5}},"line":87}},"branchMap":{"0":{"loc":{"start":{"line":20,"column":12},"end":{"line":20,"column":31}},"type":"if","locations":[{"start":{"line":20,"column":12},"end":{"line":20,"column":31}},{"start":{},"end":{}}],"line":20},"1":{"loc":{"start":{"line":66,"column":8},"end":{"line":70,"column":9}},"type":"if","locations":[{"start":{"line":66,"column":8},"end":{"line":70,"column":9}},{"start":{"line":68,"column":13},"end":{"line":70,"column":9}}],"line":66},"2":{"loc":{"start":{"line":79,"column":4},"end":{"line":79,"column":78}},"type":"if","locations":[{"start":{"line":79,"column":4},"end":{"line":79,"column":78}},{"start":{},"end":{}}],"line":79},"3":{"loc":{"start":{"line":82,"column":4},"end":{"line":82,"column":97}},"type":"if","locations":[{"start":{"line":82,"column":4},"end":{"line":82,"column":97}},{"start":{},"end":{}}],"line":82},"4":{"loc":{"start":{"line":88,"column":8},"end":{"line":92,"column":9}},"type":"if","locations":[{"start":{"line":88,"column":8},"end":{"line":92,"column":9}},{"start":{"line":90,"column":13},"end":{"line":92,"column":9}}],"line":88}},"s":{"0":1,"1":1,"2":1,"3":1,"4":1,"5":1,"6":1,"7":1,"8":1,"9":1,"10":1,"11":0,"12":0,"13":0,"14":0,"15":0,"16":1,"17":1,"18":0,"19":1,"20":0,"21":0,"22":0,"23":0,"24":0,"25":0,"26":0,"27":0,"28":0,"29":0,"30":0,"31":0,"32":0,"33":1,"34":0,"35":0,"36":0,"37":0,"38":0,"39":0,"40":0,"41":0,"42":0,"43":0,"44":0,"45":0,"46":0,"47":1},"f":{"0":0,"1":0,"2":0,"3":0,"4":0,"5":0,"6":0,"7":0,"8":0,"9":0},"b":{"0":[0,0],"1":[0,0],"2":[0,0],"3":[0,0],"4":[0,0]},"_coverageSchema":"1a1c01bbd47fc00a2c39e90264f33305004495a9","hash":"41ca1df3c64d321568509d4b7dcab1dbdcf41775"}
,"C:\\Users\\Usuario\\Desktop\\pruebas\\EventsBrew\\src\\schemas\\auth.schema.js": {"path":"C:\\Users\\Usuario\\Desktop\\pruebas\\EventsBrew\\src\\schemas\\auth.schema.js","statementMap":{"0":{"start":{"line":1,"column":12},"end":{"line":1,"column":26}},"1":{"start":{"line":4,"column":26},"end":{"line":23,"column":2}},"2":{"start":{"line":26,"column":23},"end":{"line":34,"column":2}},"3":{"start":{"line":36,"column":0},"end":{"line":36,"column":55}}},"fnMap":{},"branchMap":{},"s":{"0":1,"1":1,"2":1,"3":1},"f":{},"b":{},"_coverageSchema":"1a1c01bbd47fc00a2c39e90264f33305004495a9","hash":"296c4b4fe9f5ac154721ba5e84d762f189da87e5"}
,"C:\\Users\\Usuario\\Desktop\\pruebas\\EventsBrew\\src\\schemas\\validate.schema.js": {"path":"C:\\Users\\Usuario\\Desktop\\pruebas\\EventsBrew\\src\\schemas\\validate.schema.js","statementMap":{"0":{"start":{"line":1,"column":24},"end":{"line":8,"column":1}},"1":{"start":{"line":1,"column":36},"end":{"line":8,"column":1}},"2":{"start":{"line":2,"column":4},"end":{"line":7,"column":5}},"3":{"start":{"line":3,"column":8},"end":{"line":3,"column":31}},"4":{"start":{"line":4,"column":8},"end":{"line":4,"column":15}},"5":{"start":{"line":6,"column":8},"end":{"line":6,"column":89}},"6":{"start":{"line":6,"column":71},"end":{"line":6,"column":84}},"7":{"start":{"line":10,"column":0},"end":{"line":10,"column":33}}},"fnMap":{"0":{"name":"(anonymous_0)","decl":{"start":{"line":1,"column":24},"end":{"line":1,"column":25}},"loc":{"start":{"line":1,"column":36},"end":{"line":8,"column":1}},"line":1},"1":{"name":"(anonymous_1)","decl":{"start":{"line":1,"column":36},"end":{"line":1,"column":37}},"loc":{"start":{"line":1,"column":56},"end":{"line":8,"column":1}},"line":1},"2":{"name":"(anonymous_2)","decl":{"start":{"line":6,"column":62},"end":{"line":6,"column":63}},"loc":{"start":{"line":6,"column":71},"end":{"line":6,"column":84}},"line":6}},"branchMap":{},"s":{"0":1,"1":2,"2":0,"3":0,"4":0,"5":0,"6":0,"7":1},"f":{"0":2,"1":0,"2":0},"b":{},"_coverageSchema":"1a1c01bbd47fc00a2c39e90264f33305004495a9","hash":"3126abd59e1367621603a003bb7fcb500af3e595"}
}
